<?xml version="1.0" encoding="UTF-8"?>
<coverage generated="1650311156190" clover="3.2.0">
  <project timestamp="1650311156190" name="All files">
    <metrics statements="155" coveredstatements="123" conditionals="85" coveredconditionals="58" methods="37" coveredmethods="33" elements="277" coveredelements="214" complexity="0" loc="155" ncloc="155" packages="1" files="3" classes="3"/>
    <file name="Card_Class.js" path="C:\Users\Usuario\Desktop\full_stack\Play_Uno\src\Card_Class.js">
      <metrics statements="7" coveredstatements="7" conditionals="0" coveredconditionals="0" methods="5" coveredmethods="5"/>
      <line num="5" count="90" type="stmt"/>
      <line num="6" count="90" type="stmt"/>
      <line num="7" count="90" type="stmt"/>
      <line num="11" count="79" type="stmt"/>
      <line num="15" count="20" type="stmt"/>
      <line num="20" count="20" type="stmt"/>
      <line num="25" count="2" type="stmt"/>
    </file>
    <file name="Game_Class.js" path="C:\Users\Usuario\Desktop\full_stack\Play_Uno\src\Game_Class.js">
      <metrics statements="139" coveredstatements="107" conditionals="85" coveredconditionals="58" methods="25" coveredmethods="21"/>
      <line num="7" count="1" type="stmt"/>
      <line num="8" count="1" type="stmt"/>
      <line num="9" count="1" type="stmt"/>
      <line num="10" count="1" type="stmt"/>
      <line num="13" count="1" type="stmt"/>
      <line num="14" count="10" type="stmt"/>
      <line num="15" count="40" type="stmt"/>
      <line num="19" count="1" type="stmt"/>
      <line num="20" count="3" type="stmt"/>
      <line num="21" count="12" type="stmt"/>
      <line num="25" count="1" type="stmt"/>
      <line num="26" count="2" type="stmt"/>
      <line num="27" count="8" type="stmt"/>
      <line num="36" count="9125" type="stmt"/>
      <line num="37" count="34" type="stmt"/>
      <line num="38" count="34" type="stmt"/>
      <line num="39" count="34" type="stmt"/>
      <line num="40" count="34" type="stmt"/>
      <line num="42" count="34" type="stmt"/>
      <line num="43" count="34" type="stmt"/>
      <line num="44" count="34" type="stmt"/>
      <line num="51" count="28" type="stmt"/>
      <line num="53" count="28" type="cond" truecount="2" falsecount="0"/>
      <line num="55" count="2" type="stmt"/>
      <line num="57" count="26" type="cond" truecount="4" falsecount="0"/>
      <line num="58" count="2" type="stmt"/>
      <line num="61" count="24" type="stmt"/>
      <line num="62" count="109" type="stmt"/>
      <line num="64" count="24" type="stmt"/>
      <line num="68" count="2" type="stmt"/>
      <line num="73" count="11" type="cond" truecount="2" falsecount="0"/>
      <line num="75" count="1" type="stmt"/>
      <line num="77" count="10" type="stmt"/>
      <line num="82" count="536" type="stmt"/>
      <line num="83" count="2" type="stmt"/>
      <line num="84" count="2" type="stmt"/>
      <line num="85" count="2" type="stmt"/>
      <line num="87" count="2" type="cond" truecount="4" falsecount="0"/>
      <line num="89" count="1" type="stmt"/>
      <line num="91" count="1" type="stmt"/>
      <line num="97" count="18" type="cond" truecount="4" falsecount="0"/>
      <line num="99" count="2" type="stmt"/>
      <line num="102" count="16" type="stmt"/>
      <line num="107" count="16" type="cond" truecount="2" falsecount="0"/>
      <line num="108" count="1" type="stmt"/>
      <line num="113" count="15" type="stmt"/>
      <line num="115" count="473" type="stmt"/>
      <line num="116" count="473" type="stmt"/>
      <line num="117" count="473" type="stmt"/>
      <line num="120" count="15" type="stmt"/>
      <line num="122" count="473" type="stmt"/>
      <line num="125" count="15" type="stmt"/>
      <line num="127" count="15" type="stmt"/>
      <line num="128" count="15" type="stmt"/>
      <line num="129" count="15" type="stmt"/>
      <line num="131" count="15" type="cond" truecount="2" falsecount="0"/>
      <line num="132" count="1" type="stmt"/>
      <line num="134" count="15" type="cond" truecount="2" falsecount="0"/>
      <line num="135" count="1" type="stmt"/>
      <line num="138" count="15" type="cond" truecount="2" falsecount="0"/>
      <line num="139" count="3" type="stmt"/>
      <line num="145" count="5" type="stmt"/>
      <line num="149" count="1" type="stmt"/>
      <line num="153" count="1" type="cond" truecount="1" falsecount="1"/>
      <line num="154" count="0" type="stmt"/>
      <line num="160" count="1" type="stmt"/>
      <line num="165" count="1" type="stmt"/>
      <line num="170" count="4" type="stmt"/>
      <line num="175" count="6" type="stmt"/>
      <line num="177" count="6" type="cond" truecount="2" falsecount="0"/>
      <line num="178" count="1" type="stmt"/>
      <line num="180" count="6" type="cond" truecount="2" falsecount="0"/>
      <line num="181" count="1" type="stmt"/>
      <line num="187" count="3" type="stmt"/>
      <line num="193" count="3" type="cond" truecount="1" falsecount="1"/>
      <line num="195" count="0" type="stmt"/>
      <line num="199" count="3" type="cond" truecount="1" falsecount="1"/>
      <line num="201" count="3" type="cond" truecount="5" falsecount="0"/>
      <line num="204" count="2" type="stmt"/>
      <line num="209" count="1" type="cond" truecount="1" falsecount="1"/>
      <line num="211" count="0" type="cond" truecount="0" falsecount="2"/>
      <line num="213" count="0" type="stmt"/>
      <line num="219" count="1" type="stmt"/>
      <line num="225" count="4" type="cond" truecount="2" falsecount="0"/>
      <line num="226" count="1" type="stmt"/>
      <line num="228" count="3" type="stmt"/>
      <line num="230" count="6" type="cond" truecount="2" falsecount="0"/>
      <line num="232" count="2" type="stmt"/>
      <line num="237" count="1" type="stmt"/>
      <line num="242" count="2" type="stmt"/>
      <line num="245" count="0" type="stmt"/>
      <line num="251" count="0" type="cond" truecount="0" falsecount="2"/>
      <line num="254" count="0" type="cond" truecount="0" falsecount="4"/>
      <line num="256" count="0" type="stmt"/>
      <line num="257" count="0" type="stmt"/>
      <line num="261" count="0" type="cond" truecount="0" falsecount="2"/>
      <line num="263" count="0" type="stmt"/>
      <line num="264" count="0" type="stmt"/>
      <line num="265" count="0" type="stmt"/>
      <line num="267" count="0" type="stmt"/>
      <line num="270" count="0" type="stmt"/>
      <line num="279" count="0" type="cond" truecount="0" falsecount="4"/>
      <line num="281" count="0" type="stmt"/>
      <line num="282" count="0" type="stmt"/>
      <line num="283" count="0" type="stmt"/>
      <line num="285" count="0" type="cond" truecount="0" falsecount="2"/>
      <line num="286" count="0" type="stmt"/>
      <line num="289" count="0" type="cond" truecount="0" falsecount="2"/>
      <line num="291" count="0" type="stmt"/>
      <line num="293" count="0" type="stmt"/>
      <line num="295" count="0" type="stmt"/>
      <line num="296" count="0" type="stmt"/>
      <line num="297" count="0" type="stmt"/>
      <line num="299" count="0" type="stmt"/>
      <line num="305" count="5" type="cond" truecount="2" falsecount="0"/>
      <line num="306" count="1" type="stmt"/>
      <line num="310" count="4" type="cond" truecount="3" falsecount="1"/>
      <line num="311" count="0" type="stmt"/>
      <line num="314" count="4" type="cond" truecount="2" falsecount="0"/>
      <line num="315" count="1" type="stmt"/>
      <line num="318" count="3" type="stmt"/>
      <line num="321" count="3" type="stmt"/>
      <line num="323" count="3" type="cond" truecount="2" falsecount="0"/>
      <line num="324" count="2" type="stmt"/>
      <line num="325" count="2" type="stmt"/>
      <line num="326" count="2" type="stmt"/>
      <line num="327" count="2" type="stmt"/>
      <line num="328" count="2" type="stmt"/>
      <line num="330" count="2" type="cond" truecount="1" falsecount="1"/>
      <line num="333" count="2" type="cond" truecount="2" falsecount="0"/>
      <line num="334" count="1" type="stmt"/>
      <line num="336" count="2" type="cond" truecount="1" falsecount="1"/>
      <line num="337" count="0" type="stmt"/>
      <line num="341" count="2" type="cond" truecount="1" falsecount="1"/>
      <line num="342" count="0" type="stmt"/>
      <line num="345" count="2" type="cond" truecount="1" falsecount="1"/>
      <line num="346" count="0" type="stmt"/>
      <line num="353" count="2" type="stmt"/>
      <line num="356" count="1" type="stmt"/>
    </file>
    <file name="Player.js" path="C:\Users\Usuario\Desktop\full_stack\Play_Uno\src\Player.js">
      <metrics statements="9" coveredstatements="9" conditionals="0" coveredconditionals="0" methods="7" coveredmethods="7"/>
      <line num="7" count="114" type="stmt"/>
      <line num="8" count="114" type="stmt"/>
      <line num="13" count="477" type="stmt"/>
      <line num="19" count="3" type="stmt"/>
      <line num="20" count="3" type="stmt"/>
      <line num="25" count="1" type="stmt"/>
      <line num="30" count="5" type="stmt"/>
      <line num="35" count="1" type="stmt"/>
      <line num="39" count="16" type="stmt"/>
    </file>
  </project>
</coverage>
