{"C:\\Users\\Usuario\\Desktop\\full_stack\\Play_Uno\\src\\Card_Class.js": {"path":"C:\\Users\\Usuario\\Desktop\\full_stack\\Play_Uno\\src\\Card_Class.js","statementMap":{"0":{"start":{"line":5,"column":8},"end":{"line":5,"column":29}},"1":{"start":{"line":6,"column":8},"end":{"line":6,"column":25}},"2":{"start":{"line":7,"column":8},"end":{"line":7,"column":37}},"3":{"start":{"line":11,"column":8},"end":{"line":11,"column":27}},"4":{"start":{"line":15,"column":8},"end":{"line":15,"column":25}},"5":{"start":{"line":20,"column":8},"end":{"line":20,"column":38}}},"fnMap":{"0":{"name":"(anonymous_0)","decl":{"start":{"line":4,"column":4},"end":{"line":4,"column":5}},"loc":{"start":{"line":4,"column":34},"end":{"line":8,"column":5}},"line":4},"1":{"name":"(anonymous_1)","decl":{"start":{"line":10,"column":4},"end":{"line":10,"column":5}},"loc":{"start":{"line":10,"column":16},"end":{"line":12,"column":5}},"line":10},"2":{"name":"(anonymous_2)","decl":{"start":{"line":14,"column":4},"end":{"line":14,"column":5}},"loc":{"start":{"line":14,"column":14},"end":{"line":16,"column":5}},"line":14},"3":{"name":"(anonymous_3)","decl":{"start":{"line":18,"column":4},"end":{"line":18,"column":5}},"loc":{"start":{"line":18,"column":27},"end":{"line":22,"column":5}},"line":18}},"branchMap":{},"s":{"0":69,"1":69,"2":69,"3":1,"4":1,"5":1},"f":{"0":69,"1":1,"2":1,"3":1},"b":{},"_coverageSchema":"1a1c01bbd47fc00a2c39e90264f33305004495a9","hash":"67d6921cc9764d2e46ff34d0cc9a4cc7dedaea47"}
,"C:\\Users\\Usuario\\Desktop\\full_stack\\Play_Uno\\src\\Game_Class.js": {"path":"C:\\Users\\Usuario\\Desktop\\full_stack\\Play_Uno\\src\\Game_Class.js","statementMap":{"0":{"start":{"line":5,"column":21},"end":{"line":5,"column":23}},"1":{"start":{"line":6,"column":17},"end":{"line":6,"column":48}},"2":{"start":{"line":7,"column":28},"end":{"line":7,"column":51}},"3":{"start":{"line":8,"column":19},"end":{"line":8,"column":34}},"4":{"start":{"line":10,"column":0},"end":{"line":14,"column":1}},"5":{"start":{"line":10,"column":18},"end":{"line":10,"column":19}},"6":{"start":{"line":11,"column":4},"end":{"line":13,"column":5}},"7":{"start":{"line":12,"column":8},"end":{"line":12,"column":71}},"8":{"start":{"line":16,"column":0},"end":{"line":20,"column":1}},"9":{"start":{"line":17,"column":4},"end":{"line":19,"column":5}},"10":{"start":{"line":18,"column":8},"end":{"line":18,"column":71}},"11":{"start":{"line":22,"column":0},"end":{"line":26,"column":1}},"12":{"start":{"line":23,"column":4},"end":{"line":25,"column":5}},"13":{"start":{"line":23,"column":20},"end":{"line":23,"column":21}},"14":{"start":{"line":24,"column":8},"end":{"line":24,"column":74}},"15":{"start":{"line":31,"column":8},"end":{"line":31,"column":94}},"16":{"start":{"line":31,"column":64},"end":{"line":31,"column":90}},"17":{"start":{"line":32,"column":8},"end":{"line":32,"column":31}},"18":{"start":{"line":33,"column":8},"end":{"line":33,"column":26}},"19":{"start":{"line":34,"column":8},"end":{"line":34,"column":28}},"20":{"start":{"line":36,"column":8},"end":{"line":36,"column":31}},"21":{"start":{"line":37,"column":8},"end":{"line":37,"column":22}},"22":{"start":{"line":38,"column":8},"end":{"line":38,"column":33}},"23":{"start":{"line":45,"column":8},"end":{"line":45,"column":31}},"24":{"start":{"line":47,"column":8},"end":{"line":50,"column":9}},"25":{"start":{"line":49,"column":12},"end":{"line":49,"column":82}},"26":{"start":{"line":51,"column":8},"end":{"line":53,"column":9}},"27":{"start":{"line":52,"column":12},"end":{"line":52,"column":66}},"28":{"start":{"line":55,"column":8},"end":{"line":57,"column":9}},"29":{"start":{"line":55,"column":26},"end":{"line":55,"column":27}},"30":{"start":{"line":56,"column":12},"end":{"line":56,"column":55}},"31":{"start":{"line":58,"column":8},"end":{"line":58,"column":43}},"32":{"start":{"line":62,"column":8},"end":{"line":62,"column":60}},"33":{"start":{"line":67,"column":8},"end":{"line":70,"column":9}},"34":{"start":{"line":69,"column":12},"end":{"line":69,"column":52}},"35":{"start":{"line":71,"column":8},"end":{"line":71,"column":40}},"36":{"start":{"line":76,"column":8},"end":{"line":76,"column":94}},"37":{"start":{"line":76,"column":64},"end":{"line":76,"column":90}},"38":{"start":{"line":77,"column":8},"end":{"line":77,"column":26}},"39":{"start":{"line":78,"column":8},"end":{"line":78,"column":28}},"40":{"start":{"line":80,"column":8},"end":{"line":83,"column":9}},"41":{"start":{"line":82,"column":12},"end":{"line":82,"column":51}},"42":{"start":{"line":84,"column":8},"end":{"line":84,"column":70}},"43":{"start":{"line":90,"column":8},"end":{"line":93,"column":9}},"44":{"start":{"line":92,"column":12},"end":{"line":92,"column":39}},"45":{"start":{"line":95,"column":8},"end":{"line":95,"column":59}},"46":{"start":{"line":100,"column":8},"end":{"line":102,"column":9}},"47":{"start":{"line":101,"column":12},"end":{"line":101,"column":66}},"48":{"start":{"line":106,"column":8},"end":{"line":111,"column":9}},"49":{"start":{"line":106,"column":25},"end":{"line":106,"column":26}},"50":{"start":{"line":108,"column":32},"end":{"line":108,"column":64}},"51":{"start":{"line":109,"column":23},"end":{"line":109,"column":39}},"52":{"start":{"line":110,"column":12},"end":{"line":110,"column":59}},"53":{"start":{"line":113,"column":8},"end":{"line":116,"column":9}},"54":{"start":{"line":113,"column":25},"end":{"line":113,"column":26}},"55":{"start":{"line":115,"column":12},"end":{"line":115,"column":34}},"56":{"start":{"line":118,"column":19},"end":{"line":118,"column":31}},"57":{"start":{"line":119,"column":8},"end":{"line":119,"column":32}},"58":{"start":{"line":120,"column":8},"end":{"line":120,"column":30}},"59":{"start":{"line":125,"column":8},"end":{"line":125,"column":40}},"60":{"start":{"line":130,"column":8},"end":{"line":130,"column":52}},"61":{"start":{"line":135,"column":8},"end":{"line":135,"column":35}},"62":{"start":{"line":140,"column":8},"end":{"line":140,"column":25}},"63":{"start":{"line":145,"column":8},"end":{"line":145,"column":36}},"64":{"start":{"line":147,"column":8},"end":{"line":149,"column":9}},"65":{"start":{"line":148,"column":12},"end":{"line":148,"column":65}},"66":{"start":{"line":150,"column":8},"end":{"line":152,"column":9}},"67":{"start":{"line":151,"column":12},"end":{"line":151,"column":54}},"68":{"start":{"line":157,"column":8},"end":{"line":157,"column":41}},"69":{"start":{"line":162,"column":8},"end":{"line":166,"column":9}},"70":{"start":{"line":164,"column":12},"end":{"line":164,"column":25}},"71":{"start":{"line":168,"column":8},"end":{"line":179,"column":9}},"72":{"start":{"line":170,"column":12},"end":{"line":172,"column":13}},"73":{"start":{"line":171,"column":16},"end":{"line":171,"column":28}},"74":{"start":{"line":174,"column":12},"end":{"line":177,"column":13}},"75":{"start":{"line":176,"column":16},"end":{"line":176,"column":28}},"76":{"start":{"line":181,"column":8},"end":{"line":189,"column":9}},"77":{"start":{"line":183,"column":12},"end":{"line":187,"column":13}},"78":{"start":{"line":185,"column":16},"end":{"line":185,"column":28}},"79":{"start":{"line":191,"column":8},"end":{"line":191,"column":21}}},"fnMap":{"0":{"name":"(anonymous_0)","decl":{"start":{"line":29,"column":4},"end":{"line":29,"column":5}},"loc":{"start":{"line":29,"column":17},"end":{"line":40,"column":5}},"line":29},"1":{"name":"(anonymous_1)","decl":{"start":{"line":31,"column":52},"end":{"line":31,"column":53}},"loc":{"start":{"line":31,"column":63},"end":{"line":31,"column":91}},"line":31},"2":{"name":"(anonymous_2)","decl":{"start":{"line":42,"column":4},"end":{"line":42,"column":5}},"loc":{"start":{"line":42,"column":47},"end":{"line":59,"column":5}},"line":42},"3":{"name":"(anonymous_3)","decl":{"start":{"line":61,"column":4},"end":{"line":61,"column":5}},"loc":{"start":{"line":61,"column":16},"end":{"line":63,"column":5}},"line":61},"4":{"name":"(anonymous_4)","decl":{"start":{"line":65,"column":4},"end":{"line":65,"column":5}},"loc":{"start":{"line":65,"column":27},"end":{"line":72,"column":5}},"line":65},"5":{"name":"(anonymous_5)","decl":{"start":{"line":74,"column":4},"end":{"line":74,"column":5}},"loc":{"start":{"line":74,"column":18},"end":{"line":86,"column":5}},"line":74},"6":{"name":"(anonymous_6)","decl":{"start":{"line":76,"column":52},"end":{"line":76,"column":53}},"loc":{"start":{"line":76,"column":63},"end":{"line":76,"column":91}},"line":76},"7":{"name":"(anonymous_7)","decl":{"start":{"line":88,"column":4},"end":{"line":88,"column":5}},"loc":{"start":{"line":88,"column":31},"end":{"line":96,"column":5}},"line":88},"8":{"name":"(anonymous_8)","decl":{"start":{"line":98,"column":4},"end":{"line":98,"column":5}},"loc":{"start":{"line":98,"column":24},"end":{"line":121,"column":5}},"line":98},"9":{"name":"(anonymous_9)","decl":{"start":{"line":123,"column":4},"end":{"line":123,"column":5}},"loc":{"start":{"line":123,"column":26},"end":{"line":126,"column":5}},"line":123},"10":{"name":"(anonymous_10)","decl":{"start":{"line":128,"column":4},"end":{"line":128,"column":5}},"loc":{"start":{"line":128,"column":24},"end":{"line":131,"column":5}},"line":128},"11":{"name":"(anonymous_11)","decl":{"start":{"line":133,"column":4},"end":{"line":133,"column":5}},"loc":{"start":{"line":133,"column":23},"end":{"line":137,"column":5}},"line":133},"12":{"name":"(anonymous_12)","decl":{"start":{"line":139,"column":4},"end":{"line":139,"column":5}},"loc":{"start":{"line":139,"column":14},"end":{"line":141,"column":5}},"line":139},"13":{"name":"(anonymous_13)","decl":{"start":{"line":143,"column":4},"end":{"line":143,"column":5}},"loc":{"start":{"line":143,"column":18},"end":{"line":154,"column":5}},"line":143},"14":{"name":"(anonymous_14)","decl":{"start":{"line":156,"column":4},"end":{"line":156,"column":5}},"loc":{"start":{"line":156,"column":18},"end":{"line":158,"column":5}},"line":156},"15":{"name":"(anonymous_15)","decl":{"start":{"line":160,"column":4},"end":{"line":160,"column":5}},"loc":{"start":{"line":160,"column":33},"end":{"line":193,"column":5}},"line":160}},"branchMap":{"0":{"loc":{"start":{"line":42,"column":16},"end":{"line":42,"column":27}},"type":"default-arg","locations":[{"start":{"line":42,"column":26},"end":{"line":42,"column":27}}],"line":42},"1":{"loc":{"start":{"line":42,"column":29},"end":{"line":42,"column":46}},"type":"default-arg","locations":[{"start":{"line":42,"column":45},"end":{"line":42,"column":46}}],"line":42},"2":{"loc":{"start":{"line":47,"column":8},"end":{"line":50,"column":9}},"type":"if","locations":[{"start":{"line":47,"column":8},"end":{"line":50,"column":9}},{"start":{},"end":{}}],"line":47},"3":{"loc":{"start":{"line":51,"column":8},"end":{"line":53,"column":9}},"type":"if","locations":[{"start":{"line":51,"column":8},"end":{"line":53,"column":9}},{"start":{},"end":{}}],"line":51},"4":{"loc":{"start":{"line":51,"column":13},"end":{"line":51,"column":46}},"type":"binary-expr","locations":[{"start":{"line":51,"column":13},"end":{"line":51,"column":25}},{"start":{"line":51,"column":29},"end":{"line":51,"column":46}}],"line":51},"5":{"loc":{"start":{"line":67,"column":8},"end":{"line":70,"column":9}},"type":"if","locations":[{"start":{"line":67,"column":8},"end":{"line":70,"column":9}},{"start":{},"end":{}}],"line":67},"6":{"loc":{"start":{"line":80,"column":8},"end":{"line":83,"column":9}},"type":"if","locations":[{"start":{"line":80,"column":8},"end":{"line":83,"column":9}},{"start":{},"end":{}}],"line":80},"7":{"loc":{"start":{"line":80,"column":12},"end":{"line":80,"column":70}},"type":"binary-expr","locations":[{"start":{"line":80,"column":12},"end":{"line":80,"column":42}},{"start":{"line":80,"column":46},"end":{"line":80,"column":70}}],"line":80},"8":{"loc":{"start":{"line":90,"column":8},"end":{"line":93,"column":9}},"type":"if","locations":[{"start":{"line":90,"column":8},"end":{"line":93,"column":9}},{"start":{},"end":{}}],"line":90},"9":{"loc":{"start":{"line":90,"column":12},"end":{"line":90,"column":59}},"type":"binary-expr","locations":[{"start":{"line":90,"column":12},"end":{"line":90,"column":22}},{"start":{"line":90,"column":26},"end":{"line":90,"column":59}}],"line":90},"10":{"loc":{"start":{"line":100,"column":8},"end":{"line":102,"column":9}},"type":"if","locations":[{"start":{"line":100,"column":8},"end":{"line":102,"column":9}},{"start":{},"end":{}}],"line":100},"11":{"loc":{"start":{"line":147,"column":8},"end":{"line":149,"column":9}},"type":"if","locations":[{"start":{"line":147,"column":8},"end":{"line":149,"column":9}},{"start":{},"end":{}}],"line":147},"12":{"loc":{"start":{"line":150,"column":8},"end":{"line":152,"column":9}},"type":"if","locations":[{"start":{"line":150,"column":8},"end":{"line":152,"column":9}},{"start":{},"end":{}}],"line":150},"13":{"loc":{"start":{"line":162,"column":8},"end":{"line":166,"column":9}},"type":"if","locations":[{"start":{"line":162,"column":8},"end":{"line":166,"column":9}},{"start":{},"end":{}}],"line":162},"14":{"loc":{"start":{"line":168,"column":8},"end":{"line":179,"column":9}},"type":"if","locations":[{"start":{"line":168,"column":8},"end":{"line":179,"column":9}},{"start":{},"end":{}}],"line":168},"15":{"loc":{"start":{"line":170,"column":12},"end":{"line":172,"column":13}},"type":"if","locations":[{"start":{"line":170,"column":12},"end":{"line":172,"column":13}},{"start":{},"end":{}}],"line":170},"16":{"loc":{"start":{"line":174,"column":12},"end":{"line":177,"column":13}},"type":"if","locations":[{"start":{"line":174,"column":12},"end":{"line":177,"column":13}},{"start":{},"end":{}}],"line":174},"17":{"loc":{"start":{"line":181,"column":8},"end":{"line":189,"column":9}},"type":"if","locations":[{"start":{"line":181,"column":8},"end":{"line":189,"column":9}},{"start":{},"end":{}}],"line":181},"18":{"loc":{"start":{"line":183,"column":12},"end":{"line":187,"column":13}},"type":"if","locations":[{"start":{"line":183,"column":12},"end":{"line":187,"column":13}},{"start":{},"end":{}}],"line":183}},"s":{"0":1,"1":1,"2":1,"3":1,"4":1,"5":1,"6":10,"7":40,"8":1,"9":3,"10":12,"11":1,"12":2,"13":2,"14":8,"15":23,"16":6152,"17":23,"18":23,"19":23,"20":23,"21":23,"22":23,"23":21,"24":21,"25":2,"26":19,"27":2,"28":17,"29":17,"30":95,"31":17,"32":2,"33":11,"34":1,"35":10,"36":2,"37":539,"38":2,"39":2,"40":2,"41":1,"42":1,"43":8,"44":2,"45":6,"46":12,"47":1,"48":11,"49":11,"50":441,"51":441,"52":441,"53":11,"54":11,"55":441,"56":11,"57":11,"58":11,"59":1,"60":1,"61":1,"62":4,"63":6,"64":6,"65":1,"66":6,"67":1,"68":1,"69":0,"70":0,"71":0,"72":0,"73":0,"74":0,"75":0,"76":0,"77":0,"78":0,"79":0},"f":{"0":23,"1":6152,"2":21,"3":2,"4":11,"5":2,"6":539,"7":8,"8":12,"9":1,"10":1,"11":1,"12":4,"13":6,"14":1,"15":0},"b":{"0":[1],"1":[1],"2":[2,19],"3":[2,17],"4":[19,18],"5":[1,10],"6":[1,1],"7":[2,1],"8":[2,6],"9":[8,7],"10":[1,11],"11":[1,5],"12":[1,5],"13":[0,0],"14":[0,0],"15":[0,0],"16":[0,0],"17":[0,0],"18":[0,0]},"_coverageSchema":"1a1c01bbd47fc00a2c39e90264f33305004495a9","hash":"aa9cda3b3741d685f7560844d0c2113a92f6fdb3"}
,"C:\\Users\\Usuario\\Desktop\\full_stack\\Play_Uno\\src\\Player.js": {"path":"C:\\Users\\Usuario\\Desktop\\full_stack\\Play_Uno\\src\\Player.js","statementMap":{"0":{"start":{"line":7,"column":8},"end":{"line":7,"column":29}},"1":{"start":{"line":8,"column":8},"end":{"line":8,"column":21}},"2":{"start":{"line":13,"column":8},"end":{"line":13,"column":35}},"3":{"start":{"line":19,"column":20},"end":{"line":19,"column":49}},"4":{"start":{"line":20,"column":8},"end":{"line":20,"column":40}},"5":{"start":{"line":25,"column":8},"end":{"line":25,"column":23}},"6":{"start":{"line":30,"column":8},"end":{"line":30,"column":38}},"7":{"start":{"line":35,"column":8},"end":{"line":35,"column":38}}},"fnMap":{"0":{"name":"(anonymous_0)","decl":{"start":{"line":6,"column":4},"end":{"line":6,"column":5}},"loc":{"start":{"line":6,"column":19},"end":{"line":9,"column":5}},"line":6},"1":{"name":"(anonymous_1)","decl":{"start":{"line":11,"column":4},"end":{"line":11,"column":5}},"loc":{"start":{"line":11,"column":18},"end":{"line":15,"column":5}},"line":11},"2":{"name":"(anonymous_2)","decl":{"start":{"line":17,"column":4},"end":{"line":17,"column":5}},"loc":{"start":{"line":17,"column":21},"end":{"line":22,"column":5}},"line":17},"3":{"name":"(anonymous_3)","decl":{"start":{"line":24,"column":4},"end":{"line":24,"column":5}},"loc":{"start":{"line":24,"column":12},"end":{"line":26,"column":5}},"line":24},"4":{"name":"(anonymous_4)","decl":{"start":{"line":28,"column":4},"end":{"line":28,"column":5}},"loc":{"start":{"line":28,"column":19},"end":{"line":31,"column":5}},"line":28},"5":{"name":"(anonymous_5)","decl":{"start":{"line":33,"column":4},"end":{"line":33,"column":5}},"loc":{"start":{"line":33,"column":21},"end":{"line":36,"column":5}},"line":33}},"branchMap":{},"s":{"0":97,"1":97,"2":443,"3":1,"4":1,"5":0,"6":2,"7":6},"f":{"0":97,"1":443,"2":1,"3":0,"4":2,"5":6},"b":{},"_coverageSchema":"1a1c01bbd47fc00a2c39e90264f33305004495a9","hash":"9f06e263074f3270bb6aa8a077c45c51fa3e6fe8"}
}
