{"C:\\Users\\Usuario\\Desktop\\full_stack\\Play_Uno\\src\\Card_Class.js": {"path":"C:\\Users\\Usuario\\Desktop\\full_stack\\Play_Uno\\src\\Card_Class.js","statementMap":{"0":{"start":{"line":5,"column":8},"end":{"line":5,"column":29}},"1":{"start":{"line":6,"column":8},"end":{"line":6,"column":25}},"2":{"start":{"line":7,"column":8},"end":{"line":7,"column":37}},"3":{"start":{"line":11,"column":8},"end":{"line":11,"column":27}},"4":{"start":{"line":15,"column":8},"end":{"line":15,"column":25}}},"fnMap":{"0":{"name":"(anonymous_0)","decl":{"start":{"line":4,"column":4},"end":{"line":4,"column":5}},"loc":{"start":{"line":4,"column":34},"end":{"line":8,"column":5}},"line":4},"1":{"name":"(anonymous_1)","decl":{"start":{"line":10,"column":4},"end":{"line":10,"column":5}},"loc":{"start":{"line":10,"column":12},"end":{"line":12,"column":5}},"line":10},"2":{"name":"(anonymous_2)","decl":{"start":{"line":14,"column":4},"end":{"line":14,"column":5}},"loc":{"start":{"line":14,"column":10},"end":{"line":16,"column":5}},"line":14}},"branchMap":{},"s":{"0":60,"1":60,"2":60,"3":0,"4":0},"f":{"0":60,"1":0,"2":0},"b":{},"_coverageSchema":"1a1c01bbd47fc00a2c39e90264f33305004495a9","hash":"83c6c33c00db5ff2ad2eeb238d884be5840d43c1"}
,"C:\\Users\\Usuario\\Desktop\\full_stack\\Play_Uno\\src\\Game_Class.js": {"path":"C:\\Users\\Usuario\\Desktop\\full_stack\\Play_Uno\\src\\Game_Class.js","statementMap":{"0":{"start":{"line":5,"column":21},"end":{"line":5,"column":23}},"1":{"start":{"line":6,"column":17},"end":{"line":6,"column":48}},"2":{"start":{"line":7,"column":28},"end":{"line":7,"column":51}},"3":{"start":{"line":8,"column":19},"end":{"line":8,"column":34}},"4":{"start":{"line":10,"column":0},"end":{"line":14,"column":1}},"5":{"start":{"line":10,"column":18},"end":{"line":10,"column":19}},"6":{"start":{"line":11,"column":4},"end":{"line":13,"column":5}},"7":{"start":{"line":12,"column":8},"end":{"line":12,"column":71}},"8":{"start":{"line":16,"column":0},"end":{"line":20,"column":1}},"9":{"start":{"line":17,"column":4},"end":{"line":19,"column":5}},"10":{"start":{"line":18,"column":8},"end":{"line":18,"column":71}},"11":{"start":{"line":22,"column":0},"end":{"line":26,"column":1}},"12":{"start":{"line":23,"column":4},"end":{"line":25,"column":5}},"13":{"start":{"line":23,"column":20},"end":{"line":23,"column":21}},"14":{"start":{"line":24,"column":8},"end":{"line":24,"column":74}},"15":{"start":{"line":31,"column":8},"end":{"line":31,"column":81}},"16":{"start":{"line":31,"column":52},"end":{"line":31,"column":78}},"17":{"start":{"line":32,"column":8},"end":{"line":32,"column":31}},"18":{"start":{"line":33,"column":8},"end":{"line":33,"column":26}},"19":{"start":{"line":34,"column":8},"end":{"line":34,"column":28}},"20":{"start":{"line":35,"column":8},"end":{"line":35,"column":30}},"21":{"start":{"line":36,"column":8},"end":{"line":36,"column":31}},"22":{"start":{"line":44,"column":8},"end":{"line":46,"column":9}},"23":{"start":{"line":45,"column":12},"end":{"line":45,"column":82}},"24":{"start":{"line":47,"column":8},"end":{"line":49,"column":9}},"25":{"start":{"line":48,"column":12},"end":{"line":48,"column":66}},"26":{"start":{"line":51,"column":8},"end":{"line":53,"column":9}},"27":{"start":{"line":51,"column":26},"end":{"line":51,"column":27}},"28":{"start":{"line":52,"column":12},"end":{"line":52,"column":67}},"29":{"start":{"line":54,"column":8},"end":{"line":54,"column":43}},"30":{"start":{"line":58,"column":8},"end":{"line":58,"column":60}},"31":{"start":{"line":63,"column":8},"end":{"line":63,"column":81}},"32":{"start":{"line":63,"column":52},"end":{"line":63,"column":78}},"33":{"start":{"line":64,"column":8},"end":{"line":64,"column":26}},"34":{"start":{"line":65,"column":8},"end":{"line":65,"column":28}},"35":{"start":{"line":66,"column":8},"end":{"line":66,"column":30}},"36":{"start":{"line":68,"column":8},"end":{"line":68,"column":70}},"37":{"start":{"line":74,"column":8},"end":{"line":76,"column":9}},"38":{"start":{"line":75,"column":12},"end":{"line":75,"column":66}},"39":{"start":{"line":77,"column":8},"end":{"line":80,"column":9}},"40":{"start":{"line":77,"column":25},"end":{"line":77,"column":26}}},"fnMap":{"0":{"name":"(anonymous_0)","decl":{"start":{"line":29,"column":4},"end":{"line":29,"column":5}},"loc":{"start":{"line":29,"column":17},"end":{"line":38,"column":5}},"line":29},"1":{"name":"(anonymous_1)","decl":{"start":{"line":31,"column":40},"end":{"line":31,"column":41}},"loc":{"start":{"line":31,"column":51},"end":{"line":31,"column":79}},"line":31},"2":{"name":"(anonymous_2)","decl":{"start":{"line":40,"column":4},"end":{"line":40,"column":5}},"loc":{"start":{"line":40,"column":47},"end":{"line":55,"column":5}},"line":40},"3":{"name":"(anonymous_3)","decl":{"start":{"line":57,"column":4},"end":{"line":57,"column":5}},"loc":{"start":{"line":57,"column":16},"end":{"line":59,"column":5}},"line":57},"4":{"name":"(anonymous_4)","decl":{"start":{"line":61,"column":4},"end":{"line":61,"column":5}},"loc":{"start":{"line":61,"column":18},"end":{"line":70,"column":5}},"line":61},"5":{"name":"(anonymous_5)","decl":{"start":{"line":63,"column":40},"end":{"line":63,"column":41}},"loc":{"start":{"line":63,"column":51},"end":{"line":63,"column":79}},"line":63},"6":{"name":"(anonymous_6)","decl":{"start":{"line":72,"column":4},"end":{"line":72,"column":5}},"loc":{"start":{"line":72,"column":24},"end":{"line":82,"column":5}},"line":72}},"branchMap":{"0":{"loc":{"start":{"line":40,"column":16},"end":{"line":40,"column":27}},"type":"default-arg","locations":[{"start":{"line":40,"column":26},"end":{"line":40,"column":27}}],"line":40},"1":{"loc":{"start":{"line":40,"column":29},"end":{"line":40,"column":46}},"type":"default-arg","locations":[{"start":{"line":40,"column":45},"end":{"line":40,"column":46}}],"line":40},"2":{"loc":{"start":{"line":44,"column":8},"end":{"line":46,"column":9}},"type":"if","locations":[{"start":{"line":44,"column":8},"end":{"line":46,"column":9}},{"start":{},"end":{}}],"line":44},"3":{"loc":{"start":{"line":47,"column":8},"end":{"line":49,"column":9}},"type":"if","locations":[{"start":{"line":47,"column":8},"end":{"line":49,"column":9}},{"start":{},"end":{}}],"line":47},"4":{"loc":{"start":{"line":47,"column":13},"end":{"line":47,"column":46}},"type":"binary-expr","locations":[{"start":{"line":47,"column":13},"end":{"line":47,"column":25}},{"start":{"line":47,"column":29},"end":{"line":47,"column":46}}],"line":47},"5":{"loc":{"start":{"line":74,"column":8},"end":{"line":76,"column":9}},"type":"if","locations":[{"start":{"line":74,"column":8},"end":{"line":76,"column":9}},{"start":{},"end":{}}],"line":74}},"s":{"0":1,"1":1,"2":1,"3":1,"4":1,"5":1,"6":10,"7":40,"8":1,"9":3,"10":12,"11":1,"12":2,"13":2,"14":8,"15":5,"16":1351,"17":5,"18":5,"19":5,"20":5,"21":5,"22":4,"23":2,"24":2,"25":2,"26":0,"27":0,"28":0,"29":0,"30":0,"31":0,"32":0,"33":0,"34":0,"35":0,"36":0,"37":0,"38":0,"39":0,"40":0},"f":{"0":5,"1":1351,"2":4,"3":0,"4":0,"5":0,"6":0},"b":{"0":[0],"1":[0],"2":[2,2],"3":[2,0],"4":[2,1],"5":[0,0]},"_coverageSchema":"1a1c01bbd47fc00a2c39e90264f33305004495a9","hash":"58acd3f5bc2b16ea1b52d083883640fa409797b2"}
,"C:\\Users\\Usuario\\Desktop\\full_stack\\Play_Uno\\src\\Player.js": {"path":"C:\\Users\\Usuario\\Desktop\\full_stack\\Play_Uno\\src\\Player.js","statementMap":{"0":{"start":{"line":7,"column":8},"end":{"line":7,"column":29}},"1":{"start":{"line":8,"column":8},"end":{"line":8,"column":21}},"2":{"start":{"line":13,"column":8},"end":{"line":13,"column":35}},"3":{"start":{"line":19,"column":20},"end":{"line":19,"column":49}},"4":{"start":{"line":20,"column":8},"end":{"line":20,"column":39}}},"fnMap":{"0":{"name":"(anonymous_0)","decl":{"start":{"line":6,"column":4},"end":{"line":6,"column":5}},"loc":{"start":{"line":6,"column":19},"end":{"line":9,"column":5}},"line":6},"1":{"name":"(anonymous_1)","decl":{"start":{"line":11,"column":4},"end":{"line":11,"column":5}},"loc":{"start":{"line":11,"column":18},"end":{"line":15,"column":5}},"line":11},"2":{"name":"(anonymous_2)","decl":{"start":{"line":17,"column":4},"end":{"line":17,"column":5}},"loc":{"start":{"line":17,"column":21},"end":{"line":22,"column":5}},"line":17}},"branchMap":{},"s":{"0":0,"1":0,"2":0,"3":0,"4":0},"f":{"0":0,"1":0,"2":0},"b":{},"_coverageSchema":"1a1c01bbd47fc00a2c39e90264f33305004495a9","hash":"466470fef0ab8061fbe98660509bfb874b501556"}
}
