TN:
SF:src\Card_Class.js
FN:4,(anonymous_0)
FN:10,(anonymous_1)
FN:14,(anonymous_2)
FN:18,(anonymous_3)
FN:24,(anonymous_4)
FNF:5
FNH:5
FNDA:89,(anonymous_0)
FNDA:79,(anonymous_1)
FNDA:19,(anonymous_2)
FNDA:20,(anonymous_3)
FNDA:1,(anonymous_4)
DA:5,89
DA:6,89
DA:7,89
DA:11,79
DA:15,19
DA:20,20
DA:25,1
LF:7
LH:7
BRF:0
BRH:0
end_of_record
TN:
SF:src\Game_Class.js
FN:34,(anonymous_0)
FN:36,(anonymous_1)
FN:48,(anonymous_2)
FN:67,(anonymous_3)
FN:71,(anonymous_4)
FN:80,(anonymous_5)
FN:82,(anonymous_6)
FN:95,(anonymous_7)
FN:105,(anonymous_8)
FN:144,(anonymous_9)
FN:148,(anonymous_10)
FN:152,(anonymous_11)
FN:158,(anonymous_12)
FN:163,(anonymous_13)
FN:169,(anonymous_14)
FN:173,(anonymous_15)
FN:186,(anonymous_16)
FN:190,(anonymous_17)
FN:223,(anonymous_18)
FN:240,(anonymous_19)
FN:244,(anonymous_20)
FN:249,(anonymous_21)
FN:256,(anonymous_22)
FN:277,(anonymous_23)
FN:304,(anonymous_24)
FNF:25
FNH:20
FNDA:34,(anonymous_0)
FNDA:9123,(anonymous_1)
FNDA:28,(anonymous_2)
FNDA:2,(anonymous_3)
FNDA:12,(anonymous_4)
FNDA:2,(anonymous_5)
FNDA:539,(anonymous_6)
FNDA:18,(anonymous_7)
FNDA:16,(anonymous_8)
FNDA:2,(anonymous_9)
FNDA:0,(anonymous_10)
FNDA:1,(anonymous_11)
FNDA:1,(anonymous_12)
FNDA:1,(anonymous_13)
FNDA:4,(anonymous_14)
FNDA:6,(anonymous_15)
FNDA:3,(anonymous_16)
FNDA:3,(anonymous_17)
FNDA:4,(anonymous_18)
FNDA:2,(anonymous_19)
FNDA:0,(anonymous_20)
FNDA:0,(anonymous_21)
FNDA:0,(anonymous_22)
FNDA:0,(anonymous_23)
FNDA:5,(anonymous_24)
DA:7,1
DA:8,1
DA:9,1
DA:10,1
DA:13,1
DA:14,10
DA:15,40
DA:19,1
DA:20,3
DA:21,12
DA:25,1
DA:26,2
DA:27,8
DA:36,9123
DA:37,34
DA:38,34
DA:39,34
DA:40,34
DA:42,34
DA:43,34
DA:44,34
DA:51,28
DA:53,28
DA:55,2
DA:57,26
DA:58,2
DA:61,24
DA:62,109
DA:64,24
DA:68,2
DA:73,12
DA:75,1
DA:77,11
DA:82,539
DA:83,2
DA:84,2
DA:85,2
DA:87,2
DA:89,1
DA:91,1
DA:97,18
DA:99,2
DA:102,16
DA:107,16
DA:108,1
DA:113,15
DA:115,473
DA:116,473
DA:117,473
DA:120,15
DA:122,473
DA:125,15
DA:127,15
DA:128,15
DA:129,15
DA:131,15
DA:132,1
DA:134,15
DA:135,0
DA:138,15
DA:139,0
DA:145,2
DA:149,0
DA:153,1
DA:154,0
DA:160,1
DA:165,1
DA:170,4
DA:175,6
DA:177,6
DA:178,1
DA:180,6
DA:181,2
DA:187,3
DA:193,3
DA:195,0
DA:199,3
DA:201,3
DA:204,2
DA:209,1
DA:211,0
DA:213,0
DA:219,1
DA:225,4
DA:226,1
DA:228,3
DA:230,6
DA:232,2
DA:237,1
DA:242,2
DA:245,0
DA:251,0
DA:254,0
DA:256,0
DA:257,0
DA:261,0
DA:263,0
DA:264,0
DA:265,0
DA:267,0
DA:270,0
DA:279,0
DA:281,0
DA:282,0
DA:283,0
DA:285,0
DA:286,0
DA:289,0
DA:291,0
DA:293,0
DA:295,0
DA:296,0
DA:297,0
DA:299,0
DA:305,5
DA:306,1
DA:310,4
DA:311,0
DA:314,4
DA:315,1
DA:318,3
DA:321,3
DA:323,3
DA:324,2
DA:325,2
DA:326,2
DA:327,2
DA:328,2
DA:330,2
DA:333,2
DA:334,1
DA:336,2
DA:337,0
DA:341,2
DA:342,0
DA:345,2
DA:346,0
DA:353,2
DA:356,1
LF:139
LH:104
BRDA:48,0,0,1
BRDA:48,1,0,1
BRDA:53,2,0,2
BRDA:53,2,1,26
BRDA:57,3,0,2
BRDA:57,3,1,24
BRDA:57,4,0,26
BRDA:57,4,1,25
BRDA:73,5,0,1
BRDA:73,5,1,11
BRDA:87,6,0,1
BRDA:87,6,1,1
BRDA:87,7,0,2
BRDA:87,7,1,1
BRDA:97,8,0,2
BRDA:97,8,1,16
BRDA:97,9,0,18
BRDA:97,9,1,17
BRDA:107,10,0,1
BRDA:107,10,1,15
BRDA:131,11,0,1
BRDA:131,11,1,14
BRDA:134,12,0,0
BRDA:134,12,1,15
BRDA:138,13,0,0
BRDA:138,13,1,15
BRDA:153,14,0,1
BRDA:153,14,1,0
BRDA:177,15,0,1
BRDA:177,15,1,5
BRDA:180,16,0,2
BRDA:180,16,1,4
BRDA:193,17,0,0
BRDA:193,17,1,3
BRDA:199,18,0,3
BRDA:199,18,1,0
BRDA:201,19,0,2
BRDA:201,19,1,1
BRDA:201,20,0,3
BRDA:201,20,1,1
BRDA:201,20,2,1
BRDA:209,21,0,0
BRDA:209,21,1,1
BRDA:211,22,0,0
BRDA:211,22,1,0
BRDA:225,23,0,1
BRDA:225,23,1,3
BRDA:230,24,0,2
BRDA:230,24,1,4
BRDA:251,25,0,0
BRDA:251,25,1,0
BRDA:254,26,0,0
BRDA:254,26,1,0
BRDA:254,27,0,0
BRDA:254,27,1,0
BRDA:261,28,0,0
BRDA:261,28,1,0
BRDA:279,29,0,0
BRDA:279,29,1,0
BRDA:279,30,0,0
BRDA:279,30,1,0
BRDA:285,31,0,0
BRDA:285,31,1,0
BRDA:289,32,0,0
BRDA:289,32,1,0
BRDA:305,33,0,1
BRDA:305,33,1,4
BRDA:310,34,0,0
BRDA:310,34,1,4
BRDA:310,35,0,4
BRDA:310,35,1,4
BRDA:314,36,0,1
BRDA:314,36,1,3
BRDA:323,37,0,2
BRDA:323,37,1,1
BRDA:330,38,0,2
BRDA:330,38,1,0
BRDA:333,39,0,1
BRDA:333,39,1,1
BRDA:336,40,0,0
BRDA:336,40,1,2
BRDA:341,41,0,0
BRDA:341,41,1,2
BRDA:345,42,0,0
BRDA:345,42,1,2
BRF:85
BRH:56
end_of_record
TN:
SF:src\Player.js
FN:6,(anonymous_0)
FN:11,(anonymous_1)
FN:17,(anonymous_2)
FN:24,(anonymous_3)
FN:28,(anonymous_4)
FN:33,(anonymous_5)
FN:37,(anonymous_6)
FNF:7
FNH:7
FNDA:114,(anonymous_0)
FNDA:477,(anonymous_1)
FNDA:3,(anonymous_2)
FNDA:1,(anonymous_3)
FNDA:5,(anonymous_4)
FNDA:1,(anonymous_5)
FNDA:16,(anonymous_6)
DA:7,114
DA:8,114
DA:13,477
DA:19,3
DA:20,3
DA:25,1
DA:30,5
DA:35,1
DA:39,16
LF:9
LH:9
BRF:0
BRH:0
end_of_record
