TN:
SF:src\Card_Class.js
FN:4,(anonymous_0)
FN:10,(anonymous_1)
FN:14,(anonymous_2)
FN:18,(anonymous_3)
FNF:4
FNH:4
FNDA:69,(anonymous_0)
FNDA:1,(anonymous_1)
FNDA:1,(anonymous_2)
FNDA:1,(anonymous_3)
DA:5,69
DA:6,69
DA:7,69
DA:11,1
DA:15,1
DA:20,1
LF:6
LH:6
BRF:0
BRH:0
end_of_record
TN:
SF:src\Game_Class.js
FN:29,(anonymous_0)
FN:31,(anonymous_1)
FN:42,(anonymous_2)
FN:61,(anonymous_3)
FN:65,(anonymous_4)
FN:74,(anonymous_5)
FN:76,(anonymous_6)
FN:88,(anonymous_7)
FN:98,(anonymous_8)
FN:123,(anonymous_9)
FN:128,(anonymous_10)
FN:133,(anonymous_11)
FN:139,(anonymous_12)
FN:143,(anonymous_13)
FN:156,(anonymous_14)
FN:160,(anonymous_15)
FNF:16
FNH:15
FNDA:23,(anonymous_0)
FNDA:6152,(anonymous_1)
FNDA:21,(anonymous_2)
FNDA:2,(anonymous_3)
FNDA:11,(anonymous_4)
FNDA:2,(anonymous_5)
FNDA:539,(anonymous_6)
FNDA:8,(anonymous_7)
FNDA:12,(anonymous_8)
FNDA:1,(anonymous_9)
FNDA:1,(anonymous_10)
FNDA:1,(anonymous_11)
FNDA:4,(anonymous_12)
FNDA:6,(anonymous_13)
FNDA:1,(anonymous_14)
FNDA:0,(anonymous_15)
DA:5,1
DA:6,1
DA:7,1
DA:8,1
DA:10,1
DA:11,10
DA:12,40
DA:16,1
DA:17,3
DA:18,12
DA:22,1
DA:23,2
DA:24,8
DA:31,6152
DA:32,23
DA:33,23
DA:34,23
DA:36,23
DA:37,23
DA:38,23
DA:45,21
DA:47,21
DA:49,2
DA:51,19
DA:52,2
DA:55,17
DA:56,95
DA:58,17
DA:62,2
DA:67,11
DA:69,1
DA:71,10
DA:76,539
DA:77,2
DA:78,2
DA:80,2
DA:82,1
DA:84,1
DA:90,8
DA:92,2
DA:95,6
DA:100,12
DA:101,1
DA:106,11
DA:108,441
DA:109,441
DA:110,441
DA:113,11
DA:115,441
DA:118,11
DA:119,11
DA:120,11
DA:125,1
DA:130,1
DA:135,1
DA:140,4
DA:145,6
DA:147,6
DA:148,1
DA:150,6
DA:151,1
DA:157,1
DA:162,0
DA:164,0
DA:168,0
DA:170,0
DA:171,0
DA:174,0
DA:176,0
DA:181,0
DA:183,0
DA:185,0
DA:191,0
LF:73
LH:62
BRDA:42,0,0,1
BRDA:42,1,0,1
BRDA:47,2,0,2
BRDA:47,2,1,19
BRDA:51,3,0,2
BRDA:51,3,1,17
BRDA:51,4,0,19
BRDA:51,4,1,18
BRDA:67,5,0,1
BRDA:67,5,1,10
BRDA:80,6,0,1
BRDA:80,6,1,1
BRDA:80,7,0,2
BRDA:80,7,1,1
BRDA:90,8,0,2
BRDA:90,8,1,6
BRDA:90,9,0,8
BRDA:90,9,1,7
BRDA:100,10,0,1
BRDA:100,10,1,11
BRDA:147,11,0,1
BRDA:147,11,1,5
BRDA:150,12,0,1
BRDA:150,12,1,5
BRDA:162,13,0,0
BRDA:162,13,1,0
BRDA:168,14,0,0
BRDA:168,14,1,0
BRDA:170,15,0,0
BRDA:170,15,1,0
BRDA:174,16,0,0
BRDA:174,16,1,0
BRDA:181,17,0,0
BRDA:181,17,1,0
BRDA:183,18,0,0
BRDA:183,18,1,0
BRF:36
BRH:24
end_of_record
TN:
SF:src\Player.js
FN:6,(anonymous_0)
FN:11,(anonymous_1)
FN:17,(anonymous_2)
FN:24,(anonymous_3)
FN:28,(anonymous_4)
FN:33,(anonymous_5)
FNF:6
FNH:5
FNDA:97,(anonymous_0)
FNDA:443,(anonymous_1)
FNDA:1,(anonymous_2)
FNDA:0,(anonymous_3)
FNDA:2,(anonymous_4)
FNDA:6,(anonymous_5)
DA:7,97
DA:8,97
DA:13,443
DA:19,1
DA:20,1
DA:25,0
DA:30,2
DA:35,6
LF:8
LH:7
BRF:0
BRH:0
end_of_record
